<?xml version="1.0" encoding="UTF-8"?>
<!-- Generated by org.testng.reporters.JUnitReportReporter -->
<testsuite hostname="DESKTOP-1LP8OFM" failures="0" tests="1" name="com.financepeer.testcases.ContactUsPageTest" time="24.139" errors="0" timestamp="2021-10-05T17:51:52 IST" skipped="0">
  <testcase classname="com.financepeer.testcases.ContactUsPageTest" name="writeToUsTest" time="24.139"/>
  <system-out/>
</testsuite> <!-- com.financepeer.testcases.ContactUsPageTest -->
