<?xml version="1.0" encoding="UTF-8"?>
<!-- Generated by org.testng.reporters.JUnitReportReporter -->
<testsuite hostname="DESKTOP-1LP8OFM" failures="0" tests="3" name="com.financepeer.testcases.InstitutePageTest" time="19.294" errors="0" timestamp="2021-11-30T17:33:01 IST" skipped="0">
  <testcase classname="com.financepeer.testcases.InstitutePageTest" name="getInTouchTest" time="6.620"/>
  <system-out/>
  <testcase classname="com.financepeer.testcases.InstitutePageTest" name="privacyAndPolicyLinkTest_Institute" time="6.068"/>
  <system-out/>
  <testcase classname="com.financepeer.testcases.InstitutePageTest" name="termsAndConditionsLinkTest_Institute" time="6.606"/>
  <system-out/>
</testsuite> <!-- com.financepeer.testcases.InstitutePageTest -->
