<?xml version="1.0" encoding="UTF-8"?>
<!-- Generated by org.testng.reporters.JUnitReportReporter -->
<testsuite hostname="DESKTOP-1LP8OFM" failures="0" tests="3" name="com.financepeer.testcases.UVACardPageTest" time="19.848" errors="0" timestamp="2021-11-30T17:33:01 IST" skipped="0">
  <testcase classname="com.financepeer.testcases.UVACardPageTest" name="joinTheTrendTest" time="6.526"/>
  <system-out/>
  <testcase classname="com.financepeer.testcases.UVACardPageTest" name="privacyAndPolicyLinkTestInUVACard" time="6.400"/>
  <system-out/>
  <testcase classname="com.financepeer.testcases.UVACardPageTest" name="termsAndConditionsLinkTestInUVACard" time="6.922"/>
  <system-out/>
</testsuite> <!-- com.financepeer.testcases.UVACardPageTest -->
