<?xml version="1.0" encoding="UTF-8"?>
<!-- Generated by org.testng.reporters.JUnitReportReporter -->
<testsuite hostname="DESKTOP-1LP8OFM" failures="0" tests="2" name="com.financepeer.testcases.LoginPageTest" time="28.016" errors="0" timestamp="2021-11-30T17:33:01 IST" skipped="0">
  <testcase classname="com.financepeer.testcases.LoginPageTest" name="loginFromStudentPageTest" time="14.124"/>
  <system-out/>
  <testcase classname="com.financepeer.testcases.LoginPageTest" name="loginFromSignUpPageTest" time="13.892"/>
  <system-out/>
</testsuite> <!-- com.financepeer.testcases.LoginPageTest -->
