<?xml version="1.0" encoding="UTF-8"?>
<!-- Generated by org.testng.reporters.JUnitReportReporter -->
<testsuite hostname="DESKTOP-1LP8OFM" failures="0" tests="1" name="com.financepeer.testcases.SignUpPageTest" time="4.577" errors="0" timestamp="2021-07-21T12:28:37 IST" skipped="0">
  <testcase classname="com.financepeer.testcases.SignUpPageTest" name="verifySignUpLinkClickInLogin" time="4.577"/>
  <system-out/>
</testsuite> <!-- com.financepeer.testcases.SignUpPageTest -->
