<?xml version="1.0" encoding="UTF-8"?>
<!-- Generated by org.testng.reporters.JUnitReportReporter -->
<testsuite hostname="DESKTOP-1LP8OFM" failures="0" tests="4" name="com.financepeer.testcases.StudentPageTest" time="6.872" errors="0" timestamp="2021-11-30T17:38:36 IST" skipped="3">
  <testcase classname="com.financepeer.testcases.StudentPageTest" name="contactUsLinkTestInStudentPage" time="6.872"/>
  <system-out/>
  <testcase classname="com.financepeer.testcases.StudentPageTest" name="studentNameEnterDigits">
    <skipped/>
  </testcase> <!-- studentNameEnterDigits -->
  <system-out/>
  <testcase classname="com.financepeer.testcases.StudentPageTest" name="verifyStudentNameWithSplCharsTest">
    <skipped/>
  </testcase> <!-- verifyStudentNameWithSplCharsTest -->
  <system-out/>
  <testcase classname="com.financepeer.testcases.StudentPageTest" name="verifyStudentNameWithAllCombinationsTest">
    <skipped/>
  </testcase> <!-- verifyStudentNameWithAllCombinationsTest -->
  <system-out/>
</testsuite> <!-- com.financepeer.testcases.StudentPageTest -->
